<?xml version="1.0" encoding="UTF-8"?>
<!-- Generated by org.testng.reporters.JUnitReportReporter -->
<testsuite hostname="harshitha" failures="0" tests="3" name="practice.test.GetProducrInfoTest" time="18.372" errors="0" timestamp="2026-02-13T11:24:04 IST" skipped="0">
  <testcase classname="practice.test.GetProducrInfoTest" name="getProductInfoTest" time="8.120"/>
  <system-out/>
  <testcase classname="practice.test.GetProducrInfoTest" name="getProductInfoTest" time="5.217"/>
  <system-out/>
  <testcase classname="practice.test.GetProducrInfoTest" name="getProductInfoTest" time="5.035"/>
  <system-out/>
</testsuite> <!-- practice.test.GetProducrInfoTest -->
